Determining if the pthread_create exist failed with the following output:
Change Dir: /home/rasim/mavros/mavros/build/catkin_tools_prebuild/CMakeFiles/CMakeTmp

Run Build Command:"/usr/bin/make" "cmTC_6dd74/fast"
/usr/bin/make -f CMakeFiles/cmTC_6dd74.dir/build.make CMakeFiles/cmTC_6dd74.dir/build
make[1]: Entering directory '/home/rasim/mavros/mavros/build/catkin_tools_prebuild/CMakeFiles/CMakeTmp'
Building C object CMakeFiles/cmTC_6dd74.dir/CheckSymbolExists.c.o
/usr/lib/ccache/cc    -o CMakeFiles/cmTC_6dd74.dir/CheckSymbolExists.c.o   -c /home/rasim/mavros/mavros/build/catkin_tools_prebuild/CMakeFiles/CMakeTmp/CheckSymbolExists.c
Linking C executable cmTC_6dd74
/usr/bin/cmake -E cmake_link_script CMakeFiles/cmTC_6dd74.dir/link.txt --verbose=1
/usr/lib/ccache/cc      -rdynamic CMakeFiles/cmTC_6dd74.dir/CheckSymbolExists.c.o  -o cmTC_6dd74 
CMakeFiles/cmTC_6dd74.dir/CheckSymbolExists.c.o: In function `main':
CheckSymbolExists.c:(.text+0x1b): undefined reference to `pthread_create'
collect2: error: ld returned 1 exit status
CMakeFiles/cmTC_6dd74.dir/build.make:97: recipe for target 'cmTC_6dd74' failed
make[1]: *** [cmTC_6dd74] Error 1
make[1]: Leaving directory '/home/rasim/mavros/mavros/build/catkin_tools_prebuild/CMakeFiles/CMakeTmp'
Makefile:126: recipe for target 'cmTC_6dd74/fast' failed
make: *** [cmTC_6dd74/fast] Error 2

File /home/rasim/mavros/mavros/build/catkin_tools_prebuild/CMakeFiles/CMakeTmp/CheckSymbolExists.c:
/* */
#include <pthread.h>

int main(int argc, char** argv)
{
  (void)argv;
#ifndef pthread_create
  return ((int*)(&pthread_create))[argc];
#else
  (void)argc;
  return 0;
#endif
}

Determining if the function pthread_create exists in the pthreads failed with the following output:
Change Dir: /home/rasim/mavros/mavros/build/catkin_tools_prebuild/CMakeFiles/CMakeTmp

Run Build Command:"/usr/bin/make" "cmTC_27e2e/fast"
/usr/bin/make -f CMakeFiles/cmTC_27e2e.dir/build.make CMakeFiles/cmTC_27e2e.dir/build
make[1]: Entering directory '/home/rasim/mavros/mavros/build/catkin_tools_prebuild/CMakeFiles/CMakeTmp'
Building C object CMakeFiles/cmTC_27e2e.dir/CheckFunctionExists.c.o
/usr/lib/ccache/cc   -DCHECK_FUNCTION_EXISTS=pthread_create   -o CMakeFiles/cmTC_27e2e.dir/CheckFunctionExists.c.o   -c /usr/share/cmake-3.10/Modules/CheckFunctionExists.c
Linking C executable cmTC_27e2e
/usr/bin/cmake -E cmake_link_script CMakeFiles/cmTC_27e2e.dir/link.txt --verbose=1
/usr/lib/ccache/cc  -DCHECK_FUNCTION_EXISTS=pthread_create    -rdynamic CMakeFiles/cmTC_27e2e.dir/CheckFunctionExists.c.o  -o cmTC_27e2e -lpthreads 
/usr/bin/ld: cannot find -lpthreads
collect2: error: ld returned 1 exit status
CMakeFiles/cmTC_27e2e.dir/build.make:97: recipe for target 'cmTC_27e2e' failed
make[1]: *** [cmTC_27e2e] Error 1
make[1]: Leaving directory '/home/rasim/mavros/mavros/build/catkin_tools_prebuild/CMakeFiles/CMakeTmp'
Makefile:126: recipe for target 'cmTC_27e2e/fast' failed
make: *** [cmTC_27e2e/fast] Error 2


